<?xml version="1.0" encoding="UTF-8"?>
<!-- Generated by org.testng.reporters.JUnitReportReporter -->
<testsuite hostname="Harandra" failures="0" tests="1" name="com.cp.guru99.testcases.HomePageTitleCheck" time="23.285" errors="0" timestamp="2024-03-01T12:42:35 IST" skipped="0">
  <testcase classname="com.cp.guru99.testcases.HomePageTitleCheck" name="homePageTitleCheck" time="23.285"/>
</testsuite> <!-- com.cp.guru99.testcases.HomePageTitleCheck -->
