<?xml version="1.0" encoding="UTF-8"?>
<!-- Generated by org.testng.reporters.JUnitReportReporter -->
<testsuite hostname="Harandra" failures="0" tests="1" name="com.cp.guru99.testcases.LoginPageTitleCheck" time="11.783" errors="0" timestamp="2024-03-01T13:58:03 IST" skipped="0">
  <testcase classname="com.cp.guru99.testcases.LoginPageTitleCheck" name="LOGINTITLETEST" time="11.783"/>
</testsuite> <!-- com.cp.guru99.testcases.LoginPageTitleCheck -->
