<?xml version="1.0" encoding="UTF-8"?>
<!-- Generated by org.testng.reporters.JUnitReportReporter -->
<testsuite hostname="Harandra" failures="0" tests="1" name="com.cp.guru99.testcases.LoginPageUICheck" time="11.061" errors="0" timestamp="2024-03-01T13:58:03 IST" skipped="0">
  <testcase classname="com.cp.guru99.testcases.LoginPageUICheck" name="LOGINUICHECK" time="11.061"/>
</testsuite> <!-- com.cp.guru99.testcases.LoginPageUICheck -->
