<?xml version="1.0" encoding="UTF-8"?>
<!-- Generated by org.testng.reporters.JUnitReportReporter -->
<testsuite hostname="Harandra" failures="0" tests="1" name="com.cp.guru99.testcases.PageLogin" time="15.987" errors="0" timestamp="2024-03-01T13:58:03 IST" skipped="0">
  <testcase classname="com.cp.guru99.testcases.PageLogin" name="login_to_page" time="15.987"/>
</testsuite> <!-- com.cp.guru99.testcases.PageLogin -->
