<?xml version="1.0" encoding="UTF-8"?>
<!-- Generated by org.testng.reporters.JUnitReportReporter -->
<testsuite hostname="Harandra" failures="0" tests="1" name="com.cp.guru99.testcases.HomePageTitleCheck" time="13.184" errors="0" timestamp="2024-03-01T13:58:03 IST" skipped="0">
  <testcase classname="com.cp.guru99.testcases.HomePageTitleCheck" name="homePageTitleCheck" time="13.184"/>
</testsuite> <!-- com.cp.guru99.testcases.HomePageTitleCheck -->
